<?xml version="1.0" encoding="UTF-8"?>
<!-- Generated by org.testng.reporters.JUnitXMLReporter -->
<testsuite ignored="0" hostname="INLPF1AX7GT" failures="0" tests="3" name="Test2" time="27.491" errors="0" timestamp="2024-11-04T18:12:02 IST">
  <testcase classname="DataProvider.paramTest" name="testlogo" time="5.074"/>
  <testcase classname="DataProvider.paramTest" name="testtitle" time="0.022"/>
  <testcase classname="DataProvider.paramTest" name="testurl" time="0.032"/>
</testsuite> <!-- Test2 -->
