<?xml version="1.0" encoding="UTF-8"?>
<!-- Generated by org.testng.reporters.JUnitXMLReporter -->
<testsuite ignored="0" hostname="INLPF1AX7GT" failures="1" tests="3" name="Test" time="16.048" errors="0" timestamp="2024-11-03T16:51:54 IST">
  <testcase classname="MyListenerAndExtentReport.OrangeHRM" name="testlogo" time="0.054"/>
  <testcase classname="MyListenerAndExtentReport.OrangeHRM" name="testtitle" time="0.024">
    <failure type="java.lang.AssertionError" message="expected [OrangeHRRM] but found [OrangeHRM]">
      <![CDATA[java.lang.AssertionError: expected [OrangeHRRM] but found [OrangeHRM]
at MyListenerAndExtentReport.OrangeHRM.testtitle(OrangeHRM.java:42)
at java.base/java.util.ArrayList.forEach(ArrayList.java:1511)
... Removed 33 stack frames]]>
    </failure>
  </testcase> <!-- testtitle -->
  <testcase classname="MyListenerAndExtentReport.OrangeHRM" name="testurl" time="0.0">
    <skipped/>
  </testcase> <!-- testurl -->
</testsuite> <!-- Test -->
