<?xml version="1.0" encoding="UTF-8"?>
<!-- Generated by org.testng.reporters.JUnitXMLReporter -->
<testsuite ignored="0" hostname="INLPF1AX7GT" failures="0" tests="3" name="Test1" time="15.299" errors="0" timestamp="2024-11-04T18:11:34 IST">
  <testcase classname="DataProvider.paramTest" name="testlogo" time="5.231"/>
  <testcase classname="DataProvider.paramTest" name="testtitle" time="0.021"/>
  <testcase classname="DataProvider.paramTest" name="testurl" time="0.021"/>
</testsuite> <!-- Test1 -->
