<?xml version="1.0" encoding="UTF-8"?>
<!-- Generated by org.testng.reporters.JUnitXMLReporter -->
<testsuite ignored="5" hostname="INLPF1AX7GT" failures="0" tests="3" name="groupingtest" time="0.087" errors="0" timestamp="2024-11-04T17:56:18 IST">
  <testcase classname="DependencyMethods.Logins" name="loginbyemail" time="0.011"/>
  <testcase classname="DependencyMethods.Logins" name="loginfacebook" time="0.002"/>
  <testcase classname="DependencyMethods.Logins" name="loginbytwitter" time="0.001"/>
  <testcase classname="DependencyMethods.Payments" name="paymentbyDollar" time="0.0">
    <ignored/>
  </testcase> <!-- paymentbyDollar -->
  <testcase classname="DependencyMethods.Signup" name="signupfacebook" time="0.0">
    <ignored/>
  </testcase> <!-- signupfacebook -->
  <testcase classname="DependencyMethods.Payments" name="paymentsbyrupees" time="0.0">
    <ignored/>
  </testcase> <!-- paymentsbyrupees -->
  <testcase classname="DependencyMethods.Signup" name="signupemail" time="0.0">
    <ignored/>
  </testcase> <!-- signupemail -->
  <testcase classname="DependencyMethods.Signup" name="signuptwitter" time="0.0">
    <ignored/>
  </testcase> <!-- signuptwitter -->
</testsuite> <!-- groupingtest -->
